{"level":"info","message":"Server Listening on port: 3000"}
{"level":"info","message":"Server Listening on port: 3000"}
{"level":"info","message":"Server Listening on port: 3000"}
{"level":"info","message":"Server Listening on port: 3000"}
{"level":"info","message":"Server Listening on port: 3000"}
{"level":"info","message":"Server Listening on port: 3000"}
{"level":"error","message":"Cannot destructure property 'error' of 'validate(...)' as it is undefined. Cannot destructure property 'error' of 'validate(...)' as it is undefined.","stack":"TypeError: Cannot destructure property 'error' of 'validate(...)' as it is undefined.\n    at D:\\Viteace\\Assignments\\React_Complete_Project\\backend\\routes\\users.js:16:11\n    at newFn (D:\\Viteace\\Assignments\\React_Complete_Project\\backend\\node_modules\\express-async-errors\\index.js:16:20)\n    at Layer.handle [as handle_request] (D:\\Viteace\\Assignments\\React_Complete_Project\\backend\\node_modules\\express\\lib\\router\\layer.js:95:5)\n    at next (D:\\Viteace\\Assignments\\React_Complete_Project\\backend\\node_modules\\express\\lib\\router\\route.js:144:13)\n    at Route.dispatch (D:\\Viteace\\Assignments\\React_Complete_Project\\backend\\node_modules\\express\\lib\\router\\route.js:114:3)\n    at newFn (D:\\Viteace\\Assignments\\React_Complete_Project\\backend\\node_modules\\express-async-errors\\index.js:16:20)\n    at Layer.handle [as handle_request] (D:\\Viteace\\Assignments\\React_Complete_Project\\backend\\node_modules\\express\\lib\\router\\layer.js:95:5)\n    at D:\\Viteace\\Assignments\\React_Complete_Project\\backend\\node_modules\\express\\lib\\router\\index.js:284:15\n    at Function.process_params (D:\\Viteace\\Assignments\\React_Complete_Project\\backend\\node_modules\\express\\lib\\router\\index.js:346:12)\n    at next (D:\\Viteace\\Assignments\\React_Complete_Project\\backend\\node_modules\\express\\lib\\router\\index.js:280:10)"}
{"level":"info","message":"Server Listening on port: 3000"}
{"level":"error","message":"Cannot destructure property 'error' of 'validate(...)' as it is undefined. Cannot destructure property 'error' of 'validate(...)' as it is undefined.","stack":"TypeError: Cannot destructure property 'error' of 'validate(...)' as it is undefined.\n    at D:\\Viteace\\Assignments\\React_Complete_Project\\backend\\routes\\users.js:16:11\n    at newFn (D:\\Viteace\\Assignments\\React_Complete_Project\\backend\\node_modules\\express-async-errors\\index.js:16:20)\n    at Layer.handle [as handle_request] (D:\\Viteace\\Assignments\\React_Complete_Project\\backend\\node_modules\\express\\lib\\router\\layer.js:95:5)\n    at next (D:\\Viteace\\Assignments\\React_Complete_Project\\backend\\node_modules\\express\\lib\\router\\route.js:144:13)\n    at Route.dispatch (D:\\Viteace\\Assignments\\React_Complete_Project\\backend\\node_modules\\express\\lib\\router\\route.js:114:3)\n    at newFn (D:\\Viteace\\Assignments\\React_Complete_Project\\backend\\node_modules\\express-async-errors\\index.js:16:20)\n    at Layer.handle [as handle_request] (D:\\Viteace\\Assignments\\React_Complete_Project\\backend\\node_modules\\express\\lib\\router\\layer.js:95:5)\n    at D:\\Viteace\\Assignments\\React_Complete_Project\\backend\\node_modules\\express\\lib\\router\\index.js:284:15\n    at Function.process_params (D:\\Viteace\\Assignments\\React_Complete_Project\\backend\\node_modules\\express\\lib\\router\\index.js:346:12)\n    at next (D:\\Viteace\\Assignments\\React_Complete_Project\\backend\\node_modules\\express\\lib\\router\\index.js:280:10)"}
{"level":"info","message":"Server Listening on port: 3000"}
{"level":"info","message":"Server Listening on port: 3000"}
{"level":"info","message":"Server Listening on port: 3000"}
{"level":"info","message":"Server Listening on port: 3000"}
{"level":"info","message":"Server Listening on port: 3000"}
{"level":"info","message":"Server Listening on port: 3000"}
{"level":"info","message":"Server Listening on port: 3000"}
{"_message":"Comment validation failed","errors":{"postId":{"kind":"required","message":"Path `postId` is required.","name":"ValidatorError","path":"postId","properties":{"message":"Path `postId` is required.","path":"postId","type":"required"}}},"level":"error","message":"Comment validation failed: postId: Path `postId` is required. Comment validation failed: postId: Path `postId` is required.","stack":"ValidationError: Comment validation failed: postId: Path `postId` is required.\n    at Document.invalidate (D:\\Viteace\\Assignments\\React_Complete_Project - Copy\\backend\\node_modules\\mongoose\\lib\\document.js:3125:32)\n    at D:\\Viteace\\Assignments\\React_Complete_Project - Copy\\backend\\node_modules\\mongoose\\lib\\document.js:2913:17\n    at D:\\Viteace\\Assignments\\React_Complete_Project - Copy\\backend\\node_modules\\mongoose\\lib\\schematype.js:1349:9\n    at process.processTicksAndRejections (node:internal/process/task_queues:77:11)"}
{"level":"info","message":"Server Listening on port: 3000"}
{"_message":"Comment validation failed","errors":{"postId":{"kind":"required","message":"Path `postId` is required.","name":"ValidatorError","path":"postId","properties":{"message":"Path `postId` is required.","path":"postId","type":"required"}}},"level":"error","message":"Comment validation failed: postId: Path `postId` is required. Comment validation failed: postId: Path `postId` is required.","stack":"ValidationError: Comment validation failed: postId: Path `postId` is required.\n    at Document.invalidate (D:\\Viteace\\Assignments\\React_Complete_Project - Copy\\backend\\node_modules\\mongoose\\lib\\document.js:3125:32)\n    at D:\\Viteace\\Assignments\\React_Complete_Project - Copy\\backend\\node_modules\\mongoose\\lib\\document.js:2913:17\n    at D:\\Viteace\\Assignments\\React_Complete_Project - Copy\\backend\\node_modules\\mongoose\\lib\\schematype.js:1349:9\n    at process.processTicksAndRejections (node:internal/process/task_queues:77:11)"}
{"level":"info","message":"Server Listening on port: 3000"}
{"level":"info","message":"Server Listening on port: 3000"}
{"level":"info","message":"Server Listening on port: 5000"}
{"level":"info","message":"Server Listening on port: 5000"}
{"level":"error","message":"Cannot destructure property 'error' of 'validate(...)' as it is undefined. Cannot destructure property 'error' of 'validate(...)' as it is undefined.","stack":"TypeError: Cannot destructure property 'error' of 'validate(...)' as it is undefined.\n    at D:\\Viteace\\Assignments\\React_Complete_Project - Copy\\backend\\routes\\login.js:10:11\n    at newFn (D:\\Viteace\\Assignments\\React_Complete_Project - Copy\\backend\\node_modules\\express-async-errors\\index.js:16:20)\n    at Layer.handle [as handle_request] (D:\\Viteace\\Assignments\\React_Complete_Project - Copy\\backend\\node_modules\\express\\lib\\router\\layer.js:95:5)\n    at next (D:\\Viteace\\Assignments\\React_Complete_Project - Copy\\backend\\node_modules\\express\\lib\\router\\route.js:144:13)\n    at Route.dispatch (D:\\Viteace\\Assignments\\React_Complete_Project - Copy\\backend\\node_modules\\express\\lib\\router\\route.js:114:3)\n    at newFn (D:\\Viteace\\Assignments\\React_Complete_Project - Copy\\backend\\node_modules\\express-async-errors\\index.js:16:20)\n    at Layer.handle [as handle_request] (D:\\Viteace\\Assignments\\React_Complete_Project - Copy\\backend\\node_modules\\express\\lib\\router\\layer.js:95:5)\n    at D:\\Viteace\\Assignments\\React_Complete_Project - Copy\\backend\\node_modules\\express\\lib\\router\\index.js:284:15\n    at Function.process_params (D:\\Viteace\\Assignments\\React_Complete_Project - Copy\\backend\\node_modules\\express\\lib\\router\\index.js:346:12)\n    at next (D:\\Viteace\\Assignments\\React_Complete_Project - Copy\\backend\\node_modules\\express\\lib\\router\\index.js:280:10)"}
{"level":"error","message":"Cannot destructure property 'error' of 'validate(...)' as it is undefined. Cannot destructure property 'error' of 'validate(...)' as it is undefined.","stack":"TypeError: Cannot destructure property 'error' of 'validate(...)' as it is undefined.\n    at D:\\Viteace\\Assignments\\React_Complete_Project - Copy\\backend\\routes\\login.js:10:11\n    at newFn (D:\\Viteace\\Assignments\\React_Complete_Project - Copy\\backend\\node_modules\\express-async-errors\\index.js:16:20)\n    at Layer.handle [as handle_request] (D:\\Viteace\\Assignments\\React_Complete_Project - Copy\\backend\\node_modules\\express\\lib\\router\\layer.js:95:5)\n    at next (D:\\Viteace\\Assignments\\React_Complete_Project - Copy\\backend\\node_modules\\express\\lib\\router\\route.js:144:13)\n    at Route.dispatch (D:\\Viteace\\Assignments\\React_Complete_Project - Copy\\backend\\node_modules\\express\\lib\\router\\route.js:114:3)\n    at newFn (D:\\Viteace\\Assignments\\React_Complete_Project - Copy\\backend\\node_modules\\express-async-errors\\index.js:16:20)\n    at Layer.handle [as handle_request] (D:\\Viteace\\Assignments\\React_Complete_Project - Copy\\backend\\node_modules\\express\\lib\\router\\layer.js:95:5)\n    at D:\\Viteace\\Assignments\\React_Complete_Project - Copy\\backend\\node_modules\\express\\lib\\router\\index.js:284:15\n    at Function.process_params (D:\\Viteace\\Assignments\\React_Complete_Project - Copy\\backend\\node_modules\\express\\lib\\router\\index.js:346:12)\n    at next (D:\\Viteace\\Assignments\\React_Complete_Project - Copy\\backend\\node_modules\\express\\lib\\router\\index.js:280:10)"}
{"level":"info","message":"Server Listening on port: 5000"}
{"level":"error","message":"data and hash arguments required data and hash arguments required","stack":"Error: data and hash arguments required\n    at Object.compare (D:\\Viteace\\Assignments\\React_Complete_Project - Copy\\backend\\node_modules\\bcrypt\\bcrypt.js:208:17)\n    at D:\\Viteace\\Assignments\\React_Complete_Project - Copy\\backend\\node_modules\\bcrypt\\promises.js:29:12\n    at new Promise (<anonymous>)\n    at module.exports.promise (D:\\Viteace\\Assignments\\React_Complete_Project - Copy\\backend\\node_modules\\bcrypt\\promises.js:20:12)\n    at Object.compare (D:\\Viteace\\Assignments\\React_Complete_Project - Copy\\backend\\node_modules\\bcrypt\\bcrypt.js:204:25)\n    at D:\\Viteace\\Assignments\\React_Complete_Project - Copy\\backend\\routes\\login.js:17:37\n    at newFn (D:\\Viteace\\Assignments\\React_Complete_Project - Copy\\backend\\node_modules\\express-async-errors\\index.js:16:20)\n    at Layer.handle [as handle_request] (D:\\Viteace\\Assignments\\React_Complete_Project - Copy\\backend\\node_modules\\express\\lib\\router\\layer.js:95:5)\n    at next (D:\\Viteace\\Assignments\\React_Complete_Project - Copy\\backend\\node_modules\\express\\lib\\router\\route.js:144:13)\n    at Route.dispatch (D:\\Viteace\\Assignments\\React_Complete_Project - Copy\\backend\\node_modules\\express\\lib\\router\\route.js:114:3)"}
{"level":"info","message":"Server Listening on port: 5000"}
{"level":"error","message":"data and hash arguments required data and hash arguments required","stack":"Error: data and hash arguments required\n    at Object.compare (D:\\Viteace\\Assignments\\React_Complete_Project - Copy\\backend\\node_modules\\bcrypt\\bcrypt.js:208:17)\n    at D:\\Viteace\\Assignments\\React_Complete_Project - Copy\\backend\\node_modules\\bcrypt\\promises.js:29:12\n    at new Promise (<anonymous>)\n    at module.exports.promise (D:\\Viteace\\Assignments\\React_Complete_Project - Copy\\backend\\node_modules\\bcrypt\\promises.js:20:12)\n    at Object.compare (D:\\Viteace\\Assignments\\React_Complete_Project - Copy\\backend\\node_modules\\bcrypt\\bcrypt.js:204:25)\n    at D:\\Viteace\\Assignments\\React_Complete_Project - Copy\\backend\\routes\\login.js:17:37\n    at newFn (D:\\Viteace\\Assignments\\React_Complete_Project - Copy\\backend\\node_modules\\express-async-errors\\index.js:16:20)\n    at Layer.handle [as handle_request] (D:\\Viteace\\Assignments\\React_Complete_Project - Copy\\backend\\node_modules\\express\\lib\\router\\layer.js:95:5)\n    at next (D:\\Viteace\\Assignments\\React_Complete_Project - Copy\\backend\\node_modules\\express\\lib\\router\\route.js:144:13)\n    at Route.dispatch (D:\\Viteace\\Assignments\\React_Complete_Project - Copy\\backend\\node_modules\\express\\lib\\router\\route.js:114:3)"}
{"level":"info","message":"Server Listening on port: 5000"}
{"level":"error","message":"data and hash arguments required data and hash arguments required","stack":"Error: data and hash arguments required\n    at Object.compare (D:\\Viteace\\Assignments\\React_Complete_Project - Copy\\backend\\node_modules\\bcrypt\\bcrypt.js:208:17)\n    at D:\\Viteace\\Assignments\\React_Complete_Project - Copy\\backend\\node_modules\\bcrypt\\promises.js:29:12\n    at new Promise (<anonymous>)\n    at module.exports.promise (D:\\Viteace\\Assignments\\React_Complete_Project - Copy\\backend\\node_modules\\bcrypt\\promises.js:20:12)\n    at Object.compare (D:\\Viteace\\Assignments\\React_Complete_Project - Copy\\backend\\node_modules\\bcrypt\\bcrypt.js:204:25)\n    at D:\\Viteace\\Assignments\\React_Complete_Project - Copy\\backend\\routes\\login.js:17:37\n    at newFn (D:\\Viteace\\Assignments\\React_Complete_Project - Copy\\backend\\node_modules\\express-async-errors\\index.js:16:20)\n    at Layer.handle [as handle_request] (D:\\Viteace\\Assignments\\React_Complete_Project - Copy\\backend\\node_modules\\express\\lib\\router\\layer.js:95:5)\n    at next (D:\\Viteace\\Assignments\\React_Complete_Project - Copy\\backend\\node_modules\\express\\lib\\router\\route.js:144:13)\n    at Route.dispatch (D:\\Viteace\\Assignments\\React_Complete_Project - Copy\\backend\\node_modules\\express\\lib\\router\\route.js:114:3)"}
{"level":"info","message":"Server Listening on port: 5000"}
{"level":"info","message":"Server Listening on port: 5000"}
{"level":"error","message":"data and hash arguments required data and hash arguments required","stack":"Error: data and hash arguments required\n    at Object.compare (D:\\Viteace\\Assignments\\React_Complete_Project - Copy\\backend\\node_modules\\bcrypt\\bcrypt.js:208:17)\n    at D:\\Viteace\\Assignments\\React_Complete_Project - Copy\\backend\\node_modules\\bcrypt\\promises.js:29:12\n    at new Promise (<anonymous>)\n    at module.exports.promise (D:\\Viteace\\Assignments\\React_Complete_Project - Copy\\backend\\node_modules\\bcrypt\\promises.js:20:12)\n    at Object.compare (D:\\Viteace\\Assignments\\React_Complete_Project - Copy\\backend\\node_modules\\bcrypt\\bcrypt.js:204:25)\n    at D:\\Viteace\\Assignments\\React_Complete_Project - Copy\\backend\\routes\\login.js:17:37\n    at newFn (D:\\Viteace\\Assignments\\React_Complete_Project - Copy\\backend\\node_modules\\express-async-errors\\index.js:16:20)\n    at Layer.handle [as handle_request] (D:\\Viteace\\Assignments\\React_Complete_Project - Copy\\backend\\node_modules\\express\\lib\\router\\layer.js:95:5)\n    at next (D:\\Viteace\\Assignments\\React_Complete_Project - Copy\\backend\\node_modules\\express\\lib\\router\\route.js:144:13)\n    at Route.dispatch (D:\\Viteace\\Assignments\\React_Complete_Project - Copy\\backend\\node_modules\\express\\lib\\router\\route.js:114:3)"}
{"level":"info","message":"Server Listening on port: 5000"}
{"level":"error","message":"user.generateAuthToken is not a function user.generateAuthToken is not a function","stack":"TypeError: user.generateAuthToken is not a function\n    at D:\\Viteace\\Assignments\\React_Complete_Project - Copy\\backend\\routes\\login.js:25:22\n    at process.processTicksAndRejections (node:internal/process/task_queues:95:5)"}
{"level":"info","message":"Server Listening on port: 5000"}
{"level":"error","message":"User.generateAuthToken is not a function User.generateAuthToken is not a function","stack":"TypeError: User.generateAuthToken is not a function\n    at D:\\Viteace\\Assignments\\React_Complete_Project - Copy\\backend\\routes\\login.js:25:22\n    at process.processTicksAndRejections (node:internal/process/task_queues:95:5)"}
{"level":"error","message":"User.generateAuthToken is not a function User.generateAuthToken is not a function","stack":"TypeError: User.generateAuthToken is not a function\n    at D:\\Viteace\\Assignments\\React_Complete_Project - Copy\\backend\\routes\\login.js:25:22\n    at process.processTicksAndRejections (node:internal/process/task_queues:95:5)"}
{"level":"error","message":"User.generateAuthToken is not a function User.generateAuthToken is not a function","stack":"TypeError: User.generateAuthToken is not a function\n    at D:\\Viteace\\Assignments\\React_Complete_Project - Copy\\backend\\routes\\login.js:25:22\n    at process.processTicksAndRejections (node:internal/process/task_queues:95:5)"}
{"level":"info","message":"Server Listening on port: 5000"}
{"level":"info","message":"Server Listening on port: 5000"}
{"level":"info","message":"Server Listening on port: 5000"}
{"level":"info","message":"Server Listening on port: 5000"}
{"level":"info","message":"Server Listening on port: 5000"}
{"level":"error","message":"user.generateAuthToken is not a function user.generateAuthToken is not a function","stack":"TypeError: user.generateAuthToken is not a function\n    at D:\\Viteace\\Assignments\\React_Complete_Project - Copy\\backend\\routes\\login.js:26:22\n    at process.processTicksAndRejections (node:internal/process/task_queues:95:5)"}
{"level":"info","message":"Server Listening on port: 5000"}
{"level":"error","message":"user.generateAuthToken is not a function user.generateAuthToken is not a function","stack":"TypeError: user.generateAuthToken is not a function\n    at D:\\Viteace\\Assignments\\React_Complete_Project - Copy\\backend\\routes\\login.js:25:22\n    at process.processTicksAndRejections (node:internal/process/task_queues:95:5)"}
{"level":"info","message":"Server Listening on port: 5000"}
{"level":"error","message":"user.generateAuthToken is not a function user.generateAuthToken is not a function","stack":"TypeError: user.generateAuthToken is not a function\n    at D:\\Viteace\\Assignments\\React_Complete_Project - Copy\\backend\\routes\\login.js:26:22\n    at process.processTicksAndRejections (node:internal/process/task_queues:95:5)"}
{"level":"info","message":"Server Listening on port: 5000"}
{"level":"error","message":"user.generateAuthToken is not a function user.generateAuthToken is not a function","stack":"TypeError: user.generateAuthToken is not a function\n    at D:\\Viteace\\Assignments\\React_Complete_Project - Copy\\backend\\routes\\login.js:27:22\n    at process.processTicksAndRejections (node:internal/process/task_queues:95:5)"}
{"level":"info","message":"Server Listening on port: 5000"}
{"level":"info","message":"Server Listening on port: 5000"}
{"level":"error","message":"user.generateAuthToken is not a function user.generateAuthToken is not a function","stack":"TypeError: user.generateAuthToken is not a function\n    at D:\\Viteace\\Assignments\\React_Complete_Project - Copy\\backend\\routes\\login.js:26:22\n    at process.processTicksAndRejections (node:internal/process/task_queues:95:5)"}
{"level":"info","message":"Server Listening on port: 5000"}
{"level":"info","message":"Server Listening on port: 5000"}
{"level":"info","message":"Server Listening on port: 5000"}
{"level":"info","message":"Server Listening on port: 5000"}
{"level":"info","message":"Server Listening on port: 5000"}
{"level":"info","message":"Server Listening on port: 5000"}
{"level":"info","message":"Server Listening on port: 5000"}
{"level":"info","message":"Server Listening on port: 5000"}
{"level":"info","message":"Server Listening on port: 5000"}
{"level":"info","message":"Server Listening on port: 5000"}
{"level":"info","message":"Server Listening on port: 5000"}
{"kind":"ObjectId","level":"error","message":"Cast to ObjectId failed for value \"undefined\" (type string) at path \"_id\" for model \"Post\" Cast to ObjectId failed for value \"undefined\" (type string) at path \"_id\" for model \"Post\"","path":"_id","reason":{},"stack":"CastError: Cast to ObjectId failed for value \"undefined\" (type string) at path \"_id\" for model \"Post\"\n    at model.Query.exec (D:\\Viteace\\Assignments\\React_Complete_Project - Copy\\backend\\node_modules\\mongoose\\lib\\query.js:4913:21)\n    at Query.then (D:\\Viteace\\Assignments\\React_Complete_Project - Copy\\backend\\node_modules\\mongoose\\lib\\query.js:5012:15)\n    at process.processTicksAndRejections (node:internal/process/task_queues:95:5)","stringValue":"\"undefined\"","value":"undefined","valueType":"string"}
{"level":"info","message":"Server Listening on port: 5000"}
{"kind":"ObjectId","level":"error","message":"Cast to ObjectId failed for value \"undefined\" (type string) at path \"_id\" for model \"Post\" Cast to ObjectId failed for value \"undefined\" (type string) at path \"_id\" for model \"Post\"","path":"_id","reason":{},"stack":"CastError: Cast to ObjectId failed for value \"undefined\" (type string) at path \"_id\" for model \"Post\"\n    at model.Query.exec (D:\\Viteace\\Assignments\\React_Complete_Project - Copy\\backend\\node_modules\\mongoose\\lib\\query.js:4913:21)\n    at Query.then (D:\\Viteace\\Assignments\\React_Complete_Project - Copy\\backend\\node_modules\\mongoose\\lib\\query.js:5012:15)\n    at process.processTicksAndRejections (node:internal/process/task_queues:95:5)","stringValue":"\"undefined\"","value":"undefined","valueType":"string"}
{"code":"ERR_HTTP_HEADERS_SENT","level":"error","message":"Cannot set headers after they are sent to the client Cannot set headers after they are sent to the client","stack":"Error [ERR_HTTP_HEADERS_SENT]: Cannot set headers after they are sent to the client\n    at new NodeError (node:internal/errors:399:5)\n    at ServerResponse.setHeader (node:_http_outgoing:663:11)\n    at ServerResponse.header (D:\\Viteace\\Assignments\\React_Complete_Project - Copy\\backend\\node_modules\\express\\lib\\response.js:794:10)\n    at ServerResponse.send (D:\\Viteace\\Assignments\\React_Complete_Project - Copy\\backend\\node_modules\\express\\lib\\response.js:174:12)\n    at ServerResponse.json (D:\\Viteace\\Assignments\\React_Complete_Project - Copy\\backend\\node_modules\\express\\lib\\response.js:278:15)\n    at D:\\Viteace\\Assignments\\React_Complete_Project - Copy\\backend\\routes\\posts.js:52:37\n    at newFn (D:\\Viteace\\Assignments\\React_Complete_Project - Copy\\backend\\node_modules\\express-async-errors\\index.js:16:20)\n    at Layer.handle [as handle_request] (D:\\Viteace\\Assignments\\React_Complete_Project - Copy\\backend\\node_modules\\express\\lib\\router\\layer.js:95:5)\n    at next (D:\\Viteace\\Assignments\\React_Complete_Project - Copy\\backend\\node_modules\\express\\lib\\router\\route.js:144:13)\n    at module.exports (D:\\Viteace\\Assignments\\React_Complete_Project - Copy\\backend\\middlewares\\validateId.js:9:3)"}
{"level":"info","message":"Server Listening on port: 5000"}
{"level":"info","message":"Server Listening on port: 5000"}
{"level":"info","message":"Server Listening on port: 5000"}
{"level":"info","message":"Server Listening on port: 5000"}
{"level":"info","message":"Server Listening on port: 5000"}
{"level":"info","message":"Server Listening on port: 5000"}
{"level":"info","message":"Server Listening on port: 5000"}
{"level":"info","message":"Server Listening on port: 5000"}
{"level":"info","message":"Server Listening on port: 5000"}
{"level":"info","message":"Server Listening on port: 5000"}
{"level":"info","message":"Server Listening on port: 5000"}
{"level":"info","message":"Server Listening on port: 5000"}
{"level":"info","message":"Server Listening on port: 5000"}
{"level":"info","message":"Server Listening on port: 5000"}
{"level":"info","message":"Server Listening on port: 5000"}
{"level":"info","message":"Server Listening on port: 5000"}
{"level":"info","message":"Server Listening on port: 5000"}
{"level":"info","message":"Server Listening on port: 5000"}
{"level":"info","message":"Server Listening on port: 5000"}
{"level":"info","message":"Server Listening on port: 5000"}
{"level":"info","message":"Server Listening on port: 5000"}
{"level":"info","message":"Server Listening on port: 5000"}
{"level":"info","message":"Server Listening on port: 5000"}
{"level":"info","message":"Server Listening on port: 5000"}
{"level":"info","message":"Server Listening on port: 5000"}
{"level":"info","message":"Server Listening on port: 5000"}
{"level":"info","message":"Server Listening on port: 5000"}
{"level":"info","message":"Server Listening on port: 5000"}
{"level":"info","message":"Server Listening on port: 5000"}
{"level":"info","message":"Server Listening on port: 5000"}
{"level":"info","message":"Server Listening on port: 5000"}
{"level":"info","message":"Server Listening on port: 5000"}
{"level":"info","message":"Server Listening on port: 5000"}
{"level":"info","message":"Server Listening on port: 5000"}
{"level":"info","message":"Server Listening on port: 5000"}
{"level":"info","message":"Server Listening on port: 5000"}
{"level":"info","message":"Server Listening on port: 5000"}
{"level":"info","message":"Server Listening on port: 5000"}
{"level":"info","message":"Server Listening on port: 5000"}
